2020-11-10_19:23:22 <--> Download bootloader and system file ......
2020-11-10_19:23:22 <--> cmd.exe /c "D:\2_Code\QFlash_V4.19_FW_Download_And_Format_V5.5.1\MT\MTK\1\ThinModemFlashTool1.exe -c format-download -f  "D:\31-MTK-5G\MT6880\mt6880_Firmware\evb6880v1_datacard\download_agent\flash.xml""
2020-11-10_19:30:45 <--> FAIL, DL_BOOTLOADER_SYSTEM Time out!
2020-11-10_19:30:54 <--> Download bootloader and system file ......
2020-11-10_19:30:54 <--> cmd.exe /c "D:\2_Code\QFlash_V4.19_FW_Download_And_Format_V5.5.1\MT\MTK\1\ThinModemFlashTool1.exe -c format-download -f  "D:\31-MTK-5G\MT6880\mt6880_Firmware\evb6880v1_datacard\download_agent\flash.xml""
2020-11-10_19:31:55 <--> FAIL, DL_BOOTLOADER_SYSTEM Time out!
2020-11-11_9:36:52 <--> InitPipeComm:Microsoft Windows [2020-11-11_9:41:52 <--> InitPipeComm:Microsoft Windows [2020-11-11_9:54:3 <--> InitPipeComm:Microsoft Windows [2020-11-11_10:6:27 <--> InitPipeComm:Microsoft Windows [2020-11-11_10:11:43 <--> InitPipeComm:Microsoft Windows [2020-11-11_10:12:0 <--> InitPipeComm:Microsoft Windows [2020-11-11_10:12:24 <--> InitPipeComm:Microsoft Windows [2020-11-11_10:14:54 <--> InitPipeComm:Microsoft Windows [2020-11-11_10:22:44 <--> Download bootloader and system file ......
2020-11-11_10:22:47 <--> cmd.exe /c D:\2_Code\QFlash_V4.19_FW_Download_And_Format_V5.5.1\MT\MTK\1\ThinModemFlashTool1.exe -c format-download -f  "D:\31-MTK-5G\MT6880\mt6880_Firmware\evb6880v1_datacard\download_agent\flash.xml"
2020-11-11_10:23:53 <--> FAIL, DL_BOOTLOADER_SYSTEM Time out!
2020-11-11_10:25:6 <--> Download bootloader and system file ......
2020-11-11_10:25:7 <--> cmd.exe /c D:\2_Code\QFlash_V4.19_FW_Download_And_Format_V5.5.1\MT\MTK\1\ThinModemFlashTool1.exe -c format-download -f  "D:\31-MTK-5G\MT6880\mt6880_Firmware\evb6880v1_datacard\download_agent\flash.xml"
2020-11-11_10:26:8 <--> FAIL, DL_BOOTLOADER_SYSTEM Time out!
2020-11-11_10:35:33 <--> Download bootloader and system file ......
2020-11-11_10:35:33 <--> cmd.exe /c D:\2_Code\QFlash_V4.19_FW_Download_And_Format_V5.5.1\MT\MTK\1\ThinModemFlashTool1.exe -c format-download -f  "D:\31-MTK-5G\MT6880\mt6880_Firmware\evb6880v1_datacard\download_agent\flash.xml"
2020-11-11_10:44:39 <--> Download bootloader and system file ......
2020-11-11_10:44:42 <--> cmd.exe /c D:\2_Code\QFlash_V4.19_FW_Download_And_Format_V5.5.1\MT\MTK\1\ThinModemFlashTool1.exe -c format-download -f  "D:\31-MTK-5G\MT6880\mt6880_Firmware\evb6880v1_datacard\download_agent\flash.xml"
2020-11-11_10:45:42 <--> FAIL, DL_BOOTLOADER_SYSTEM Time out!
2020-11-11_10:59:12 <--> Download bootloader and system file ......
2020-11-11_10:59:15 <--> cmd.exe /c D:\2_Code\QFlash_V4.19_FW_Download_And_Format_V5.5.1\MT\MTK\1\ThinModemFlashTool1.exe -c format-download -f  "D:\31-MTK-5G\MT6880\mt6880_Firmware\evb6880v1_datacard\download_agent\flash.xml"
2020-11-11_11:0:44 <--> FAIL, DL_BOOTLOADER_SYSTEM Time out!
2020-11-11_11:12:5 <--> Download bootloader and system file ......
2020-11-11_11:12:9 <--> cmd.exe /c D:\2_Code\QFlash_V4.19_FW_Download_And_Format_V5.5.1\MT\MTK\1\ThinModemFlashTool1.exe -c format-download -f "D:\31-MTK-5G\MT6880\mt6880_Firmware\evb6880v1_datacard\download_agent\flash.xml"
2020-11-11_11:13:14 <--> FAIL, DL_BOOTLOADER_SYSTEM Time out!
2020-11-11_11:15:48 <--> Download bootloader and system file ......
2020-11-11_11:15:48 <--> cmd.exe /c D:\2_Code\QFlash_V4.19_FW_Download_And_Format_V5.5.1\MT\MTK\1\ThinModemFlashTool1.exe -c format-download -f "D:\31-MTK-5G\MT6880\mt6880_Firmware\evb6880v1_datacard\download_agent\flash.xml" >1.txt
2020-11-11_11:16:48 <--> FAIL, DL_BOOTLOADER_SYSTEM Time out!
