session generation v3.10.1 (build 0) (c)Maxim IC 2006-2017
<session SCP-ANGELA-ECDSA>
<host>.0000001.CON_REQ
beefed01000090f3
<chip>.0000002.CON_REP
beefed0200009001
<host>.0000003.ACK
beefed06000090c7
<host>.0000004.DATA_TRANSFER-HELLO
beefed05000e90c31000000a48454c4c4f20424c030236920731
<chip>.0000005.ACK
beefed06000090c7
<chip>.0000006.DATA_TRANSFER-HELLO_REP
beefed05003691622000003248454c4c4f20484f535401000000000000c000000000000000000000000000000000000000000000000000000000000000000ff7f7b7
<host>.0000007.ACK
beefed06000091a3
<host>.0000008.DATA_TRANSFER-write-crk
beefed0500c892dc5a000084470a0080854707b6b1b5d95ff1505ddb31e1a12fce28bde00dd4a2ce4104b918e97944da4a0cc46434165ee74df98c5fbe16ed32fc3ee040df1e2e45c14d80df8c1b7e2bf18fb152777f275d310fbe2318ad96c2533cb6e4eb6c2c60cead5f2370421e0d1f30316702844842efa16023464b28cb0267e00a6513b708c99f55fef9ca64f71e3ccae45602c068219bf56916605225a85368602697d2f1c4b21c9afebc798408cb55f6262bef7062f96f573e66eced9f1b700fec6781b4fb9c5ee1d62113a22f560127
<chip>.0000009.ACK
beefed0600009240
<chip>.0000010.DATA_TRANSFER-write_crk_response
beefed05000893bd5a00000400000000fc664624
<host>.0000011.ACK
beefed0600009302
<host>.0000012.DISC_REQ
beefed0300009496
<chip>.0000013.DISC_REP
beefed0400009488
