e:\casecode\codes\synologydrive\mcu_fw_dl_odm_code\mcu_fw_dl_odm\mcu_fw_dl_odm_cob\mt\mcu_fw_dl_odm_v1.0.0\mcu_fw_dl_odm_cob_v1.0.0.pch
e:\casecode\codes\synologydrive\mcu_fw_dl_odm_code\mcu_fw_dl_odm\mcu_fw_dl_odm_cob\mt\mcu_fw_dl_odm_v1.0.0\vc9.pdb
e:\casecode\codes\synologydrive\mcu_fw_dl_odm_code\mcu_fw_dl_odm\mcu_fw_dl_odm_cob\mt\mcu_fw_dl_odm_v1.0.0\stdafx.obj
e:\casecode\codes\synologydrive\mcu_fw_dl_odm_code\mcu_fw_dl_odm\mcu_fw_dl_odm_cob\mt\mcu_fw_dl_odm_v1.0.0\dlg_log_in.obj
e:\casecode\codes\synologydrive\mcu_fw_dl_odm_code\mcu_fw_dl_odm\mcu_fw_dl_odm_cob\mt\mcu_fw_dl_odm_v1.0.0\dlg_fw_multi.obj
e:\casecode\codes\synologydrive\mcu_fw_dl_odm_code\mcu_fw_dl_odm\mcu_fw_dl_odm_cob\mt\mcu_fw_dl_odm_v1.0.0\dlg_example.obj
e:\casecode\codes\synologydrive\mcu_fw_dl_odm_code\mcu_fw_dl_odm\mcu_fw_dl_odm_cob\mt\mcu_fw_dl_odm_v1.0.0\dlg_config_multi.obj
e:\casecode\codes\synologydrive\mcu_fw_dl_odm_code\mcu_fw_dl_odm\mcu_fw_dl_odm_cob\mt\mcu_fw_dl_odm_v1.0.0\dlg_change_password.obj
e:\casecode\codes\synologydrive\mcu_fw_dl_odm_code\mcu_fw_dl_odm\mcu_fw_dl_odm_cob\mt\mcu_fw_dl_odm_v1.0.0\configdig.obj
e:\casecode\codes\synologydrive\mcu_fw_dl_odm_code\mcu_fw_dl_odm\mcu_fw_dl_odm_cob\mt\mcu_fw_dl_odm_v1.0.0\com_thr_port.obj
e:\casecode\codes\synologydrive\mcu_fw_dl_odm_code\mcu_fw_dl_odm\mcu_fw_dl_odm_cob\mt\mcu_fw_dl_odm_v1.0.0\com_port.obj
e:\casecode\codes\synologydrive\mcu_fw_dl_odm_code\mcu_fw_dl_odm\mcu_fw_dl_odm_cob\mt\mcu_fw_dl_odm_v1.0.0\arm_op_xinyi.obj
e:\casecode\codes\synologydrive\mcu_fw_dl_odm_code\mcu_fw_dl_odm\mcu_fw_dl_odm_cob\mt\mcu_fw_dl_odm_v1.0.0\arm_op_unisoc.obj
e:\casecode\codes\synologydrive\mcu_fw_dl_odm_code\mcu_fw_dl_odm\mcu_fw_dl_odm_cob\mt\mcu_fw_dl_odm_v1.0.0\arm_op_silabs.obj
e:\casecode\codes\synologydrive\mcu_fw_dl_odm_code\mcu_fw_dl_odm\mcu_fw_dl_odm_cob\mt\mcu_fw_dl_odm_v1.0.0\arm_op_rda.obj
e:\casecode\codes\synologydrive\mcu_fw_dl_odm_code\mcu_fw_dl_odm\mcu_fw_dl_odm_cob\mt\mcu_fw_dl_odm_v1.0.0\arm_op_qcm.obj
e:\casecode\codes\synologydrive\mcu_fw_dl_odm_code\mcu_fw_dl_odm\mcu_fw_dl_odm_cob\mt\mcu_fw_dl_odm_v1.0.0\arm_op_intel.obj
e:\casecode\codes\synologydrive\mcu_fw_dl_odm_code\mcu_fw_dl_odm\mcu_fw_dl_odm_cob\mt\mcu_fw_dl_odm_v1.0.0\arm_op_huawei.obj
e:\casecode\codes\synologydrive\mcu_fw_dl_odm_code\mcu_fw_dl_odm\mcu_fw_dl_odm_cob\mt\mcu_fw_dl_odm_v1.0.0\arm_op_eigen.obj
e:\casecode\codes\synologydrive\mcu_fw_dl_odm_code\mcu_fw_dl_odm\mcu_fw_dl_odm_cob\mt\mcu_fw_dl_odm_v1.0.0\arm_op_beken.obj
e:\casecode\codes\synologydrive\mcu_fw_dl_odm_code\mcu_fw_dl_odm\mcu_fw_dl_odm_cob\mt\mcu_fw_dl_odm_v1.0.0\arm_op_asr.obj
e:\casecode\codes\synologydrive\mcu_fw_dl_odm_code\mcu_fw_dl_odm\mcu_fw_dl_odm_cob\mt\mcu_fw_dl_odm_v1.0.0\arm_op_altair.obj
e:\casecode\codes\synologydrive\mcu_fw_dl_odm_code\mcu_fw_dl_odm\mcu_fw_dl_odm_cob\mt\mcu_fw_dl_odm_v1.0.0\activatembnopname.obj
e:\casecode\codes\synologydrive\mcu_fw_dl_odm_code\mcu_fw_dl_odm\mcu_fw_dl_odm_cob\mt\mcu_fw_dl_odm_v1.0.0\mtview.obj
e:\casecode\codes\synologydrive\mcu_fw_dl_odm_code\mcu_fw_dl_odm\mcu_fw_dl_odm_cob\mt\mcu_fw_dl_odm_v1.0.0\mtdoc.obj
e:\casecode\codes\synologydrive\mcu_fw_dl_odm_code\mcu_fw_dl_odm\mcu_fw_dl_odm_cob\mt\mcu_fw_dl_odm_v1.0.0\mt.obj
e:\casecode\codes\synologydrive\mcu_fw_dl_odm_code\mcu_fw_dl_odm\mcu_fw_dl_odm_cob\mt\mcu_fw_dl_odm_v1.0.0\ms_imbndevice.obj
e:\casecode\codes\synologydrive\mcu_fw_dl_odm_code\mcu_fw_dl_odm\mcu_fw_dl_odm_cob\mt\mcu_fw_dl_odm_v1.0.0\msgbox.obj
e:\casecode\codes\synologydrive\mcu_fw_dl_odm_code\mcu_fw_dl_odm\mcu_fw_dl_odm_cob\mt\mcu_fw_dl_odm_v1.0.0\md5.obj
e:\casecode\codes\synologydrive\mcu_fw_dl_odm_code\mcu_fw_dl_odm\mcu_fw_dl_odm_cob\mt\mcu_fw_dl_odm_v1.0.0\mainfrm.obj
e:\casecode\codes\synologydrive\mcu_fw_dl_odm_code\mcu_fw_dl_odm\mcu_fw_dl_odm_cob\mt\mcu_fw_dl_odm_v1.0.0\logview.obj
e:\casecode\codes\synologydrive\mcu_fw_dl_odm_code\mcu_fw_dl_odm\mcu_fw_dl_odm_cob\mt\mcu_fw_dl_odm_v1.0.0\inifile.obj
e:\casecode\codes\synologydrive\mcu_fw_dl_odm_code\mcu_fw_dl_odm\mcu_fw_dl_odm_cob\mt\mcu_fw_dl_odm_v1.0.0\infowindow.obj
e:\casecode\codes\synologydrive\mcu_fw_dl_odm_code\mcu_fw_dl_odm\mcu_fw_dl_odm_cob\mt\mcu_fw_dl_odm_v1.0.0\host_uart.obj
e:\casecode\codes\synologydrive\mcu_fw_dl_odm_code\mcu_fw_dl_odm\mcu_fw_dl_odm_cob\mt\mcu_fw_dl_odm_v1.0.0\gfc.obj
e:\casecode\codes\synologydrive\mcu_fw_dl_odm_code\mcu_fw_dl_odm\mcu_fw_dl_odm_cob\mt\mcu_fw_dl_odm_v1.0.0\ftp.obj
e:\casecode\codes\synologydrive\mcu_fw_dl_odm_code\mcu_fw_dl_odm\mcu_fw_dl_odm_cob\mt\mcu_fw_dl_odm_v1.0.0\flash_op_nb.obj
e:\casecode\codes\synologydrive\mcu_fw_dl_odm_code\mcu_fw_dl_odm\mcu_fw_dl_odm_cob\mt\mcu_fw_dl_odm_v1.0.0\flash_op_gk.obj
e:\casecode\codes\synologydrive\mcu_fw_dl_odm_code\mcu_fw_dl_odm\mcu_fw_dl_odm_cob\mt\mcu_fw_dl_odm_v1.0.0\flash_op_ag.obj
e:\casecode\codes\synologydrive\mcu_fw_dl_odm_code\mcu_fw_dl_odm\mcu_fw_dl_odm_cob\mt\mcu_fw_dl_odm_v1.0.0\flash_op_5g.obj
e:\casecode\codes\synologydrive\mcu_fw_dl_odm_code\mcu_fw_dl_odm\mcu_fw_dl_odm_cob\mt\mcu_fw_dl_odm_v1.0.0\flash_op.obj
e:\casecode\codes\synologydrive\mcu_fw_dl_odm_code\mcu_fw_dl_odm\mcu_fw_dl_odm_cob\mt\mcu_fw_dl_odm_v1.0.0\enumserial.obj
e:\casecode\codes\synologydrive\mcu_fw_dl_odm_code\mcu_fw_dl_odm\mcu_fw_dl_odm_cob\mt\mcu_fw_dl_odm_v1.0.0\dlg_password.obj
e:\casecode\codes\synologydrive\mcu_fw_dl_odm_code\mcu_fw_dl_odm\mcu_fw_dl_odm_cob\mt\mcu_fw_dl_odm_v1.0.0\zip.obj
e:\casecode\codes\synologydrive\mcu_fw_dl_odm_code\mcu_fw_dl_odm\mcu_fw_dl_odm_cob\mt\mcu_fw_dl_odm_v1.0.0\writeflashid.obj
e:\casecode\codes\synologydrive\mcu_fw_dl_odm_code\mcu_fw_dl_odm\mcu_fw_dl_odm_cob\mt\mcu_fw_dl_odm_v1.0.0\worknum.obj
e:\casecode\codes\synologydrive\mcu_fw_dl_odm_code\mcu_fw_dl_odm\mcu_fw_dl_odm_cob\mt\mcu_fw_dl_odm_v1.0.0\winsocket.obj
e:\casecode\codes\synologydrive\mcu_fw_dl_odm_code\mcu_fw_dl_odm\mcu_fw_dl_odm_cob\mt\mcu_fw_dl_odm_v1.0.0\usbdevicedetection.obj
e:\casecode\codes\synologydrive\mcu_fw_dl_odm_code\mcu_fw_dl_odm\mcu_fw_dl_odm_cob\mt\mcu_fw_dl_odm_v1.0.0\updateconfig.obj
e:\casecode\codes\synologydrive\mcu_fw_dl_odm_code\mcu_fw_dl_odm\mcu_fw_dl_odm_cob\mt\mcu_fw_dl_odm_v1.0.0\unzip.obj
e:\casecode\codes\synologydrive\mcu_fw_dl_odm_code\mcu_fw_dl_odm\mcu_fw_dl_odm_cob\mt\mcu_fw_dl_odm_v1.0.0\tool_update_config.obj
e:\casecode\codes\synologydrive\mcu_fw_dl_odm_code\mcu_fw_dl_odm\mcu_fw_dl_odm_cob\mt\mcu_fw_dl_odm_v1.0.0\power_supply.obj
e:\casecode\codes\synologydrive\mcu_fw_dl_odm_code\mcu_fw_dl_odm\mcu_fw_dl_odm_cob\mcu_fw_dl_odm_v1.0.0\mcu_fw_dl_odm_cob_v1.0.0.exe
e:\casecode\codes\synologydrive\mcu_fw_dl_odm_code\mcu_fw_dl_odm\mcu_fw_dl_odm_cob\mt\mcu_fw_dl_odm_v1.0.0\mt.res
c:\users\quectel\desktop\mcu_fw_dl_odm_code\mcu_fw_dl_odm_code\mcu_fw_dl_odm\mcu_fw_dl_odm_cob\mt\mcu_fw_dl_odm_v1.0.0\activatembnopname.obj
c:\users\quectel\desktop\mcu_fw_dl_odm_code\mcu_fw_dl_odm_code\mcu_fw_dl_odm\mcu_fw_dl_odm_cob\mt\mcu_fw_dl_odm_v1.0.0\arm_op_altair.obj
c:\users\quectel\desktop\mcu_fw_dl_odm_code\mcu_fw_dl_odm_code\mcu_fw_dl_odm\mcu_fw_dl_odm_cob\mt\mcu_fw_dl_odm_v1.0.0\arm_op_asr.obj
c:\users\quectel\desktop\mcu_fw_dl_odm_code\mcu_fw_dl_odm_code\mcu_fw_dl_odm\mcu_fw_dl_odm_cob\mt\mcu_fw_dl_odm_v1.0.0\arm_op_beken.obj
c:\users\quectel\desktop\mcu_fw_dl_odm_code\mcu_fw_dl_odm_code\mcu_fw_dl_odm\mcu_fw_dl_odm_cob\mt\mcu_fw_dl_odm_v1.0.0\arm_op_eigen.obj
c:\users\quectel\desktop\mcu_fw_dl_odm_code\mcu_fw_dl_odm_code\mcu_fw_dl_odm\mcu_fw_dl_odm_cob\mt\mcu_fw_dl_odm_v1.0.0\arm_op_huawei.obj
c:\users\quectel\desktop\mcu_fw_dl_odm_code\mcu_fw_dl_odm_code\mcu_fw_dl_odm\mcu_fw_dl_odm_cob\mt\mcu_fw_dl_odm_v1.0.0\arm_op_intel.obj
c:\users\quectel\desktop\mcu_fw_dl_odm_code\mcu_fw_dl_odm_code\mcu_fw_dl_odm\mcu_fw_dl_odm_cob\mt\mcu_fw_dl_odm_v1.0.0\arm_op_qcm.obj
c:\users\quectel\desktop\mcu_fw_dl_odm_code\mcu_fw_dl_odm_code\mcu_fw_dl_odm\mcu_fw_dl_odm_cob\mt\mcu_fw_dl_odm_v1.0.0\arm_op_rda.obj
c:\users\quectel\desktop\mcu_fw_dl_odm_code\mcu_fw_dl_odm_code\mcu_fw_dl_odm\mcu_fw_dl_odm_cob\mt\mcu_fw_dl_odm_v1.0.0\arm_op_silabs.obj
c:\users\quectel\desktop\mcu_fw_dl_odm_code\mcu_fw_dl_odm_code\mcu_fw_dl_odm\mcu_fw_dl_odm_cob\mt\mcu_fw_dl_odm_v1.0.0\arm_op_unisoc.obj
c:\users\quectel\desktop\mcu_fw_dl_odm_code\mcu_fw_dl_odm_code\mcu_fw_dl_odm\mcu_fw_dl_odm_cob\mt\mcu_fw_dl_odm_v1.0.0\arm_op_xinyi.obj
c:\users\quectel\desktop\mcu_fw_dl_odm_code\mcu_fw_dl_odm_code\mcu_fw_dl_odm\mcu_fw_dl_odm_cob\mt\mcu_fw_dl_odm_v1.0.0\com_port.obj
c:\users\quectel\desktop\mcu_fw_dl_odm_code\mcu_fw_dl_odm_code\mcu_fw_dl_odm\mcu_fw_dl_odm_cob\mt\mcu_fw_dl_odm_v1.0.0\com_thr_port.obj
c:\users\quectel\desktop\mcu_fw_dl_odm_code\mcu_fw_dl_odm_code\mcu_fw_dl_odm\mcu_fw_dl_odm_cob\mt\mcu_fw_dl_odm_v1.0.0\configdig.obj
c:\users\quectel\desktop\mcu_fw_dl_odm_code\mcu_fw_dl_odm_code\mcu_fw_dl_odm\mcu_fw_dl_odm_cob\mt\mcu_fw_dl_odm_v1.0.0\dlg_change_password.obj
c:\users\quectel\desktop\mcu_fw_dl_odm_code\mcu_fw_dl_odm_code\mcu_fw_dl_odm\mcu_fw_dl_odm_cob\mt\mcu_fw_dl_odm_v1.0.0\dlg_config_multi.obj
c:\users\quectel\desktop\mcu_fw_dl_odm_code\mcu_fw_dl_odm_code\mcu_fw_dl_odm\mcu_fw_dl_odm_cob\mt\mcu_fw_dl_odm_v1.0.0\dlg_example.obj
c:\users\quectel\desktop\mcu_fw_dl_odm_code\mcu_fw_dl_odm_code\mcu_fw_dl_odm\mcu_fw_dl_odm_cob\mt\mcu_fw_dl_odm_v1.0.0\dlg_fw_multi.obj
c:\users\quectel\desktop\mcu_fw_dl_odm_code\mcu_fw_dl_odm_code\mcu_fw_dl_odm\mcu_fw_dl_odm_cob\mt\mcu_fw_dl_odm_v1.0.0\dlg_log_in.obj
c:\users\quectel\desktop\mcu_fw_dl_odm_code\mcu_fw_dl_odm_code\mcu_fw_dl_odm\mcu_fw_dl_odm_cob\mt\mcu_fw_dl_odm_v1.0.0\dlg_password.obj
c:\users\quectel\desktop\mcu_fw_dl_odm_code\mcu_fw_dl_odm_code\mcu_fw_dl_odm\mcu_fw_dl_odm_cob\mt\mcu_fw_dl_odm_v1.0.0\enumserial.obj
c:\users\quectel\desktop\mcu_fw_dl_odm_code\mcu_fw_dl_odm_code\mcu_fw_dl_odm\mcu_fw_dl_odm_cob\mt\mcu_fw_dl_odm_v1.0.0\flash_op.obj
c:\users\quectel\desktop\mcu_fw_dl_odm_code\mcu_fw_dl_odm_code\mcu_fw_dl_odm\mcu_fw_dl_odm_cob\mt\mcu_fw_dl_odm_v1.0.0\flash_op_5g.obj
c:\users\quectel\desktop\mcu_fw_dl_odm_code\mcu_fw_dl_odm_code\mcu_fw_dl_odm\mcu_fw_dl_odm_cob\mt\mcu_fw_dl_odm_v1.0.0\flash_op_ag.obj
c:\users\quectel\desktop\mcu_fw_dl_odm_code\mcu_fw_dl_odm_code\mcu_fw_dl_odm\mcu_fw_dl_odm_cob\mt\mcu_fw_dl_odm_v1.0.0\flash_op_gk.obj
c:\users\quectel\desktop\mcu_fw_dl_odm_code\mcu_fw_dl_odm_code\mcu_fw_dl_odm\mcu_fw_dl_odm_cob\mt\mcu_fw_dl_odm_v1.0.0\flash_op_nb.obj
c:\users\quectel\desktop\mcu_fw_dl_odm_code\mcu_fw_dl_odm_code\mcu_fw_dl_odm\mcu_fw_dl_odm_cob\mt\mcu_fw_dl_odm_v1.0.0\ftp.obj
c:\users\quectel\desktop\mcu_fw_dl_odm_code\mcu_fw_dl_odm_code\mcu_fw_dl_odm\mcu_fw_dl_odm_cob\mt\mcu_fw_dl_odm_v1.0.0\gfc.obj
c:\users\quectel\desktop\mcu_fw_dl_odm_code\mcu_fw_dl_odm_code\mcu_fw_dl_odm\mcu_fw_dl_odm_cob\mt\mcu_fw_dl_odm_v1.0.0\host_uart.obj
c:\users\quectel\desktop\mcu_fw_dl_odm_code\mcu_fw_dl_odm_code\mcu_fw_dl_odm\mcu_fw_dl_odm_cob\mt\mcu_fw_dl_odm_v1.0.0\infowindow.obj
c:\users\quectel\desktop\mcu_fw_dl_odm_code\mcu_fw_dl_odm_code\mcu_fw_dl_odm\mcu_fw_dl_odm_cob\mt\mcu_fw_dl_odm_v1.0.0\inifile.obj
c:\users\quectel\desktop\mcu_fw_dl_odm_code\mcu_fw_dl_odm_code\mcu_fw_dl_odm\mcu_fw_dl_odm_cob\mt\mcu_fw_dl_odm_v1.0.0\logview.obj
c:\users\quectel\desktop\mcu_fw_dl_odm_code\mcu_fw_dl_odm_code\mcu_fw_dl_odm\mcu_fw_dl_odm_cob\mt\mcu_fw_dl_odm_v1.0.0\mainfrm.obj
c:\users\quectel\desktop\mcu_fw_dl_odm_code\mcu_fw_dl_odm_code\mcu_fw_dl_odm\mcu_fw_dl_odm_cob\mt\mcu_fw_dl_odm_v1.0.0\md5.obj
c:\users\quectel\desktop\mcu_fw_dl_odm_code\mcu_fw_dl_odm_code\mcu_fw_dl_odm\mcu_fw_dl_odm_cob\mt\mcu_fw_dl_odm_v1.0.0\msgbox.obj
c:\users\quectel\desktop\mcu_fw_dl_odm_code\mcu_fw_dl_odm_code\mcu_fw_dl_odm\mcu_fw_dl_odm_cob\mt\mcu_fw_dl_odm_v1.0.0\ms_imbndevice.obj
c:\users\quectel\desktop\mcu_fw_dl_odm_code\mcu_fw_dl_odm_code\mcu_fw_dl_odm\mcu_fw_dl_odm_cob\mt\mcu_fw_dl_odm_v1.0.0\mt.obj
c:\users\quectel\desktop\mcu_fw_dl_odm_code\mcu_fw_dl_odm_code\mcu_fw_dl_odm\mcu_fw_dl_odm_cob\mt\mcu_fw_dl_odm_v1.0.0\mtdoc.obj
c:\users\quectel\desktop\mcu_fw_dl_odm_code\mcu_fw_dl_odm_code\mcu_fw_dl_odm\mcu_fw_dl_odm_cob\mt\mcu_fw_dl_odm_v1.0.0\mtview.obj
c:\users\quectel\desktop\mcu_fw_dl_odm_code\mcu_fw_dl_odm_code\mcu_fw_dl_odm\mcu_fw_dl_odm_cob\mt\mcu_fw_dl_odm_v1.0.0\power_supply.obj
c:\users\quectel\desktop\mcu_fw_dl_odm_code\mcu_fw_dl_odm_code\mcu_fw_dl_odm\mcu_fw_dl_odm_cob\mt\mcu_fw_dl_odm_v1.0.0\stdafx.obj
c:\users\quectel\desktop\mcu_fw_dl_odm_code\mcu_fw_dl_odm_code\mcu_fw_dl_odm\mcu_fw_dl_odm_cob\mt\mcu_fw_dl_odm_v1.0.0\tool_update_config.obj
c:\users\quectel\desktop\mcu_fw_dl_odm_code\mcu_fw_dl_odm_code\mcu_fw_dl_odm\mcu_fw_dl_odm_cob\mt\mcu_fw_dl_odm_v1.0.0\unzip.obj
c:\users\quectel\desktop\mcu_fw_dl_odm_code\mcu_fw_dl_odm_code\mcu_fw_dl_odm\mcu_fw_dl_odm_cob\mt\mcu_fw_dl_odm_v1.0.0\updateconfig.obj
c:\users\quectel\desktop\mcu_fw_dl_odm_code\mcu_fw_dl_odm_code\mcu_fw_dl_odm\mcu_fw_dl_odm_cob\mt\mcu_fw_dl_odm_v1.0.0\usbdevicedetection.obj
c:\users\quectel\desktop\mcu_fw_dl_odm_code\mcu_fw_dl_odm_code\mcu_fw_dl_odm\mcu_fw_dl_odm_cob\mt\mcu_fw_dl_odm_v1.0.0\winsocket.obj
c:\users\quectel\desktop\mcu_fw_dl_odm_code\mcu_fw_dl_odm_code\mcu_fw_dl_odm\mcu_fw_dl_odm_cob\mt\mcu_fw_dl_odm_v1.0.0\worknum.obj
c:\users\quectel\desktop\mcu_fw_dl_odm_code\mcu_fw_dl_odm_code\mcu_fw_dl_odm\mcu_fw_dl_odm_cob\mt\mcu_fw_dl_odm_v1.0.0\writeflashid.obj
c:\users\quectel\desktop\mcu_fw_dl_odm_code\mcu_fw_dl_odm_code\mcu_fw_dl_odm\mcu_fw_dl_odm_cob\mt\mcu_fw_dl_odm_v1.0.0\zip.obj
c:\users\quectel\desktop\mcu_fw_dl_odm_code\mcu_fw_dl_odm_code\mcu_fw_dl_odm\mcu_fw_dl_odm_cob\mt\mcu_fw_dl_odm_v1.0.0\msado15.tli
c:\users\quectel\desktop\mcu_fw_dl_odm_code\mcu_fw_dl_odm_code\mcu_fw_dl_odm\mcu_fw_dl_odm_cob\mt\mcu_fw_dl_odm_v1.0.0\msado15.tlh
c:\users\quectel\desktop\mcu_fw_dl_odm_code\mcu_fw_dl_odm_code\mcu_fw_dl_odm\mcu_fw_dl_odm_cob\mt\mcu_fw_dl_odm_v1.0.0\mt.res
c:\users\quectel\desktop\mcu_fw_dl_odm_code\mcu_fw_dl_odm_code\mcu_fw_dl_odm\mcu_fw_dl_odm_cob\mt\mcu_fw_dl_odm_v1.0.0\mcu_fw_dl_odm_cob_v1.0.0.pch
c:\users\quectel\desktop\mcu_fw_dl_odm_code\mcu_fw_dl_odm_code\mcu_fw_dl_odm\mcu_fw_dl_odm_cob\mt\mcu_fw_dl_odm_v1.0.0\vc9.pdb
c:\users\quectel\desktop\mcu_fw_dl_odm_code\mcu_fw_dl_odm_code\mcu_fw_dl_odm\mcu_fw_dl_odm_cob\mcu_fw_dl_odm_v1.0.0\mcu_fw_dl_odm_cob_v1.0.0.exe
c:\users\quectel\desktop\mcu_fw_dl_odm_code\mcu_fw_dl_odm_code\mcu_fw_dl_odm\mcu_fw_dl_odm_cob\mt\mcu_fw_dl_odm_v1.0.0\mt.tlog\cl.command.1.tlog
c:\users\quectel\desktop\mcu_fw_dl_odm_code\mcu_fw_dl_odm_code\mcu_fw_dl_odm\mcu_fw_dl_odm_cob\mt\mcu_fw_dl_odm_v1.0.0\mt.tlog\cl.read.1.tlog
c:\users\quectel\desktop\mcu_fw_dl_odm_code\mcu_fw_dl_odm_code\mcu_fw_dl_odm\mcu_fw_dl_odm_cob\mt\mcu_fw_dl_odm_v1.0.0\mt.tlog\cl.write.1.tlog
c:\users\quectel\desktop\mcu_fw_dl_odm_code\mcu_fw_dl_odm_code\mcu_fw_dl_odm\mcu_fw_dl_odm_cob\mt\mcu_fw_dl_odm_v1.0.0\mt.tlog\link.command.1.tlog
c:\users\quectel\desktop\mcu_fw_dl_odm_code\mcu_fw_dl_odm_code\mcu_fw_dl_odm\mcu_fw_dl_odm_cob\mt\mcu_fw_dl_odm_v1.0.0\mt.tlog\link.read.1.tlog
c:\users\quectel\desktop\mcu_fw_dl_odm_code\mcu_fw_dl_odm_code\mcu_fw_dl_odm\mcu_fw_dl_odm_cob\mt\mcu_fw_dl_odm_v1.0.0\mt.tlog\link.write.1.tlog
c:\users\quectel\desktop\mcu_fw_dl_odm_code\mcu_fw_dl_odm_code\mcu_fw_dl_odm\mcu_fw_dl_odm_cob\mt\mcu_fw_dl_odm_v1.0.0\mt.tlog\rc.command.1.tlog
c:\users\quectel\desktop\mcu_fw_dl_odm_code\mcu_fw_dl_odm_code\mcu_fw_dl_odm\mcu_fw_dl_odm_cob\mt\mcu_fw_dl_odm_v1.0.0\mt.tlog\rc.read.1.tlog
c:\users\quectel\desktop\mcu_fw_dl_odm_code\mcu_fw_dl_odm_code\mcu_fw_dl_odm\mcu_fw_dl_odm_cob\mt\mcu_fw_dl_odm_v1.0.0\mt.tlog\rc.write.1.tlog
