  stdafx.cpp
  ActivateMbnOpName.cpp
  ARM_OP_ALTAIR.cpp
  ARM_OP_ASR.cpp
  ARM_OP_BEKEN.cpp
  ARM_OP_EIGEN.cpp
  ARM_OP_HUAWEI.cpp
  ARM_OP_INTEL.cpp
  ARM_OP_QCM.cpp
  ARM_OP_RDA.cpp
  ARM_OP_SILABS.cpp
  ARM_OP_UNISOC.cpp
  ARM_OP_XINYI.cpp
  Com_Port.cpp
  Com_Thr_Port.cpp
  ConfigDig.cpp
  Dlg_Change_Password.cpp
  Dlg_Config_Multi.cpp
  Dlg_Example.cpp
  Dlg_FW_Multi.cpp
  Dlg_Log_In.cpp
  正在生成代码...
  正在编译...
  Dlg_Password.cpp
  EnumSerial.cpp
  Flash_OP.cpp
  Flash_OP_5G.cpp
  Flash_OP_AG.cpp
  Flash_OP_GK.cpp
  Flash_OP_NB.cpp
  Ftp.cpp
  GFC.cpp
  Host_Uart.cpp
  InfoWindow.cpp
  IniFile.cpp
  logview.cpp
  MainFrm.cpp
  md5.cpp
  MsgBox.cpp
  MS_IMbnDevice.cpp
  MT.cpp
  MTDoc.cpp
  MTView.cpp
  正在生成代码...
  正在编译...
  Power_Supply.cpp
  Tool_Update_Config.cpp
  unzip.cpp
  UpdateConfig.cpp
  USBDeviceDetection.cpp
  WinSocket.cpp
  WorkNum.cpp
  WriteFlashId.cpp
  zip.cpp
  正在生成代码...
  正在生成代码
  已完成代码的生成
  MT.vcxproj -> C:\Users\quectel\Desktop\MCU_FW_DL_ODM_Code\MCU_FW_DL_ODM_Code\MCU_FW_DL_ODM\MCU_FW_DL_ODM_COB\MCU_FW_DL_ODM_V1.0.0\MCU_FW_DL_ODM_COB_V1.0.0.exe
